This is pdfTeX, Version 3.1415926-2.5-1.40.14 (TeX Live 2013) (format=pdflatex 2013.9.22)  16 SEP 2015 06:08
entering extended mode
 restricted \write18 enabled.
 %&-line parsing enabled.
**LbgSyllabus.tex
(./LbgSyllabus.tex
LaTeX2e <2011/06/27>
Babel <3.9f> and hyphenation patterns for 78 languages loaded.
(/usr/local/texlive/2013/texmf-dist/tex/latex/base/article.cls
Document Class: article 2007/10/19 v1.4h Standard LaTeX document class
(/usr/local/texlive/2013/texmf-dist/tex/latex/base/size10.clo
File: size10.clo 2007/10/19 v1.4h Standard LaTeX file (size option)
)
\c@part=\count79
\c@section=\count80
\c@subsection=\count81
\c@subsubsection=\count82
\c@paragraph=\count83
\c@subparagraph=\count84
\c@figure=\count85
\c@table=\count86
\abovecaptionskip=\skip41
\belowcaptionskip=\skip42
\bibindent=\dimen102
)
(./LbgSyllabus.aux)
\openout1 = `LbgSyllabus.aux'.

LaTeX Font Info:    Checking defaults for OML/cmm/m/it on input line 5.
LaTeX Font Info:    ... okay on input line 5.
LaTeX Font Info:    Checking defaults for T1/cmr/m/n on input line 5.
LaTeX Font Info:    ... okay on input line 5.
LaTeX Font Info:    Checking defaults for OT1/cmr/m/n on input line 5.
LaTeX Font Info:    ... okay on input line 5.
LaTeX Font Info:    Checking defaults for OMS/cmsy/m/n on input line 5.
LaTeX Font Info:    ... okay on input line 5.
LaTeX Font Info:    Checking defaults for OMX/cmex/m/n on input line 5.
LaTeX Font Info:    ... okay on input line 5.
LaTeX Font Info:    Checking defaults for U/cmr/m/n on input line 5.
LaTeX Font Info:    ... okay on input line 5.
LaTeX Font Info:    External font `cmex10' loaded for size
(Font)              <17.28> on input line 6.
LaTeX Font Info:    External font `cmex10' loaded for size
(Font)              <12> on input line 6.
LaTeX Font Info:    External font `cmex10' loaded for size
(Font)              <8> on input line 6.
LaTeX Font Info:    External font `cmex10' loaded for size
(Font)              <6> on input line 6.
LaTeX Font Info:    External font `cmex10' loaded for size
(Font)              <7> on input line 9.
LaTeX Font Info:    External font `cmex10' loaded for size
(Font)              <5> on input line 9.

Underfull \hbox (badness 10000) in paragraph at lines 35--36
[]\OT1/cmr/m/n/10 18.09.,
 []


Underfull \hbox (badness 10000) in paragraph at lines 43--44
[]\OT1/cmr/m/n/10 16.10.,
 []


Underfull \hbox (badness 10000) in paragraph at lines 47--48
[]\OT1/cmr/m/n/10 30.10.,
 []


Underfull \hbox (badness 10000) in paragraph at lines 51--52
[]\OT1/cmr/m/n/10 06.11.,
 []


Underfull \hbox (badness 10000) in paragraph at lines 59--60
[]\OT1/cmr/m/n/10 27.11.,
 []


Overfull \hbox (15.98027pt too wide) in paragraph at lines 30--68
[] 
 []

[1

{/usr/local/texlive/2013/texmf-var/fonts/map/pdftex/updmap/pdftex.map}]
Overfull \hbox (15.98027pt too wide) in paragraph at lines 74--109
[] 
 []


Overfull \hbox (1.90472pt too wide) in paragraph at lines 111--113
[]\OT1/cmtt/m/n/10 http://charlotte-ngs.github.io/LivestockBreedingAndGenomics/
\OT1/cmr/m/n/10 . Slides
 []

[2

] (./LbgSyllabus.bbl) [3] (./LbgSyllabus.aux) ) 
Here is how much of TeX's memory you used:
 247 strings out of 493315
 2733 string characters out of 6137904
 62158 words of memory out of 5000000
 3770 multiletter control sequences out of 15000+600000
 8716 words of font info for 31 fonts, out of 8000000 for 9000
 957 hyphenation exceptions out of 8191
 23i,9n,17p,309b,186s stack positions out of 5000i,500n,10000p,200000b,80000s
</usr/local/texlive/2013/texmf-d
ist/fonts/type1/public/amsfonts/cm/cmbx12.pfb></usr/local/texlive/2013/texmf-di
st/fonts/type1/public/amsfonts/cm/cmr10.pfb></usr/local/texlive/2013/texmf-dist
/fonts/type1/public/amsfonts/cm/cmr12.pfb></usr/local/texlive/2013/texmf-dist/f
onts/type1/public/amsfonts/cm/cmr17.pfb></usr/local/texlive/2013/texmf-dist/fon
ts/type1/public/amsfonts/cm/cmti10.pfb></usr/local/texlive/2013/texmf-dist/font
s/type1/public/amsfonts/cm/cmtt10.pfb>
Output written on LbgSyllabus.pdf (3 pages, 91981 bytes).
PDF statistics:
 38 PDF objects out of 1000 (max. 8388607)
 26 compressed objects within 1 object stream
 0 named destinations out of 1000 (max. 500000)
 1 words of extra memory for PDF output out of 10000 (max. 10000000)

